2025-04-27 23:01:05 [INFO] [edo_service.ServiceApplication] - Starting ServiceApplication using Java 17.0.13 with PID 34772 (D:\JAVA_PROGRAMS\IDEA_Projects\EDO\edo-service\target\classes started by elizar in D:\JAVA_PROGRAMS\IDEA_Projects\EDO)
2025-04-27 23:01:05 [DEBUG] [edo_service.ServiceApplication] - Running with Spring Boot v3.3.8, Spring v6.1.16
2025-04-27 23:01:05 [INFO] [edo_service.ServiceApplication] - No active profile set, falling back to 1 default profile: "default"
2025-04-27 23:01:06 [INFO] [org.springframework.data.repository.config.RepositoryConfigurationDelegate] - Bootstrapping Spring Data JPA repositories in DEFAULT mode.
2025-04-27 23:01:06 [INFO] [org.springframework.data.repository.config.RepositoryConfigurationDelegate] - Finished Spring Data repository scanning in 29 ms. Found 2 JPA repository interfaces.
2025-04-27 23:01:06 [INFO] [org.springframework.boot.web.embedded.tomcat.TomcatWebServer] - Tomcat initialized with port 8080 (http)
2025-04-27 23:01:06 [INFO] [org.apache.catalina.core.StandardService] - Starting service [Tomcat]
2025-04-27 23:01:06 [INFO] [org.apache.catalina.core.StandardEngine] - Starting Servlet engine: [Apache Tomcat/10.1.34]
2025-04-27 23:01:07 [INFO] [org.apache.catalina.core.ContainerBase.[Tomcat].[localhost].[/]] - Initializing Spring embedded WebApplicationContext
2025-04-27 23:01:07 [INFO] [org.springframework.boot.web.servlet.context.ServletWebServerApplicationContext] - Root WebApplicationContext: initialization completed in 1118 ms
2025-04-27 23:01:07 [INFO] [com.zaxxer.hikari.HikariDataSource] - HikariPool-1 - Starting...
2025-04-27 23:01:07 [INFO] [com.zaxxer.hikari.pool.HikariPool] - HikariPool-1 - Added connection org.postgresql.jdbc.PgConnection@5b1c32e4
2025-04-27 23:01:07 [INFO] [com.zaxxer.hikari.HikariDataSource] - HikariPool-1 - Start completed.
2025-04-27 23:01:07 [INFO] [liquibase.database] - Set default schema name to public
2025-04-27 23:01:07 [INFO] [liquibase.changelog] - Reading from public.databasechangelog
2025-04-27 23:01:07 [INFO] [liquibase.ui] - Database is up to date, no changesets to execute
2025-04-27 23:01:07 [INFO] [liquibase.changelog] - Reading from public.databasechangelog
2025-04-27 23:01:07 [INFO] [liquibase.util] - UPDATE SUMMARY
2025-04-27 23:01:07 [INFO] [liquibase.util] - Run:                          0
2025-04-27 23:01:07 [INFO] [liquibase.util] - Previously run:               2
2025-04-27 23:01:07 [INFO] [liquibase.util] - Filtered out:                 0
2025-04-27 23:01:07 [INFO] [liquibase.util] - -------------------------------
2025-04-27 23:01:07 [INFO] [liquibase.util] - Total change sets:            2
2025-04-27 23:01:07 [INFO] [liquibase.util] - Update summary generated
2025-04-27 23:01:07 [INFO] [liquibase.lockservice] - Successfully released change log lock
2025-04-27 23:01:07 [INFO] [liquibase.command] - Command execution complete
2025-04-27 23:01:07 [INFO] [org.hibernate.jpa.internal.util.LogHelper] - HHH000204: Processing PersistenceUnitInfo [name: default]
2025-04-27 23:01:07 [INFO] [org.hibernate.Version] - HHH000412: Hibernate ORM core version 6.5.3.Final
2025-04-27 23:01:08 [INFO] [org.hibernate.cache.internal.RegionFactoryInitiator] - HHH000026: Second-level cache disabled
2025-04-27 23:01:08 [INFO] [org.springframework.orm.jpa.persistenceunit.SpringPersistenceUnitInfo] - No LoadTimeWeaver setup: ignoring JPA class transformer
2025-04-27 23:01:09 [INFO] [org.hibernate.engine.transaction.jta.platform.internal.JtaPlatformInitiator] - HHH000489: No JTA platform available (set 'hibernate.transaction.jta.platform' to enable JTA platform integration)
2025-04-27 23:01:09 [INFO] [org.springframework.orm.jpa.LocalContainerEntityManagerFactoryBean] - Initialized JPA EntityManagerFactory for persistence unit 'default'
2025-04-27 23:01:09 [WARN] [org.springframework.boot.autoconfigure.orm.jpa.JpaBaseConfiguration$JpaWebConfiguration] - spring.jpa.open-in-view is enabled by default. Therefore, database queries may be performed during view rendering. Explicitly configure spring.jpa.open-in-view to disable this warning
2025-04-27 23:01:09 [WARN] [org.springframework.boot.autoconfigure.security.servlet.UserDetailsServiceAutoConfiguration] - 

Using generated security password: b7d0125e-af6e-4e0f-8e31-5705f891599b

This generated password is for development use only. Your security configuration must be updated before running your application in production.

2025-04-27 23:01:09 [INFO] [org.springframework.security.config.annotation.authentication.configuration.InitializeUserDetailsBeanManagerConfigurer$InitializeUserDetailsManagerConfigurer] - Global AuthenticationManager configured with UserDetailsService bean with name inMemoryUserDetailsManager
2025-04-27 23:01:09 [INFO] [org.springframework.boot.web.embedded.tomcat.TomcatWebServer] - Tomcat started on port 8080 (http) with context path '/'
2025-04-27 23:01:09 [INFO] [edo_service.ServiceApplication] - Started ServiceApplication in 4.521 seconds (process running for 5.146)
2025-04-27 23:01:19 [INFO] [org.springframework.orm.jpa.LocalContainerEntityManagerFactoryBean] - Closing JPA EntityManagerFactory for persistence unit 'default'
2025-04-27 23:01:19 [INFO] [com.zaxxer.hikari.HikariDataSource] - HikariPool-1 - Shutdown initiated...
2025-04-27 23:01:19 [INFO] [com.zaxxer.hikari.HikariDataSource] - HikariPool-1 - Shutdown completed.
